<?xml version="1.0" encoding="UTF-8"?>
<!-- Generated by org.testng.reporters.JUnitXMLReporter -->
<testsuite hostname="Vivek-Tiwari1" ignored="5" name="Default test" tests="1" failures="0" timestamp="31 Dec 2018 13:13:39 GMT" time="27.683" errors="0">
  <testcase name="ScrollTest" time="19.472" classname="Com.NYT.TestCases.ToVerifyVerticalScroll"/>
  <testcase name="@BeforeTest Appinvoke" time="0.0" classname="Com.NYT.BasePackage.BasePackage">
    <ignored/>
  </testcase> <!-- @BeforeTest Appinvoke -->
  <testcase name="@BeforeTest Appinvoke" time="0.0" classname="Com.NYT.BasePackage.BasePackage">
    <ignored/>
  </testcase> <!-- @BeforeTest Appinvoke -->
  <testcase name="@BeforeTest Appinvoke" time="0.0" classname="Com.NYT.BasePackage.BasePackage">
    <ignored/>
  </testcase> <!-- @BeforeTest Appinvoke -->
  <testcase name="@BeforeTest Appinvoke" time="0.0" classname="Com.NYT.BasePackage.BasePackage">
    <ignored/>
  </testcase> <!-- @BeforeTest Appinvoke -->
  <testcase name="@BeforeTest Appinvoke" time="0.0" classname="Com.NYT.BasePackage.BasePackage">
    <ignored/>
  </testcase> <!-- @BeforeTest Appinvoke -->
</testsuite> <!-- Default test -->
