<?xml version="1.0" encoding="UTF-8"?>
<testng-results skipped="0" failed="0" ignored="0" total="3" passed="3">
  <reporter-output>
  </reporter-output>
  <suite name="Suite" duration-ms="75280" started-at="2019-01-02T17:26:25Z" finished-at="2019-01-02T17:27:41Z">
    <groups>
    </groups>
    <test name="Test" duration-ms="75280" started-at="2019-01-02T17:26:25Z" finished-at="2019-01-02T17:27:41Z">
      <class name="Com.NYT.TestCases.ToVerifyVerticalScroll">
        <test-method status="PASS" signature="Appinvoke()[pri:0, instance:Com.NYT.TestCases.ToVerifyVerticalScroll@5bcab519]" name="Appinvoke" is-config="true" duration-ms="7545" started-at="2019-01-02T17:27:10Z" finished-at="2019-01-02T17:27:18Z">
          <reporter-output>
          </reporter-output>
        </test-method> <!-- Appinvoke -->
        <test-method status="PASS" signature="ScrollTest()[pri:0, instance:Com.NYT.TestCases.ToVerifyVerticalScroll@5bcab519]" name="ScrollTest" duration-ms="22082" started-at="2019-01-02T17:27:18Z" finished-at="2019-01-02T17:27:40Z">
          <reporter-output>
          </reporter-output>
        </test-method> <!-- ScrollTest -->
        <test-method status="PASS" signature="QuitApp()[pri:0, instance:Com.NYT.TestCases.ToVerifyVerticalScroll@5bcab519]" name="QuitApp" is-config="true" duration-ms="946" started-at="2019-01-02T17:27:40Z" finished-at="2019-01-02T17:27:41Z">
          <reporter-output>
          </reporter-output>
        </test-method> <!-- QuitApp -->
      </class> <!-- Com.NYT.TestCases.ToVerifyVerticalScroll -->
      <class name="Com.NYT.TestCases.toCheckSectionList">
        <test-method status="PASS" signature="Appinvoke()[pri:0, instance:Com.NYT.TestCases.toCheckSectionList@5700d6b1]" name="Appinvoke" is-config="true" duration-ms="8791" started-at="2019-01-02T17:26:25Z" finished-at="2019-01-02T17:26:34Z">
          <reporter-output>
          </reporter-output>
        </test-method> <!-- Appinvoke -->
        <test-method status="PASS" signature="toInvokeSectionlistItem()[pri:0, instance:Com.NYT.TestCases.toCheckSectionList@5700d6b1]" name="toInvokeSectionlistItem" duration-ms="3552" started-at="2019-01-02T17:26:34Z" finished-at="2019-01-02T17:26:38Z">
          <reporter-output>
          </reporter-output>
        </test-method> <!-- toInvokeSectionlistItem -->
        <test-method status="PASS" signature="QuitApp()[pri:0, instance:Com.NYT.TestCases.toCheckSectionList@5700d6b1]" name="QuitApp" is-config="true" duration-ms="970" started-at="2019-01-02T17:26:38Z" finished-at="2019-01-02T17:26:39Z">
          <reporter-output>
          </reporter-output>
        </test-method> <!-- QuitApp -->
      </class> <!-- Com.NYT.TestCases.toCheckSectionList -->
      <class name="Com.NYT.TestCases.toVerifyLogin">
        <test-method status="PASS" signature="Appinvoke()[pri:0, instance:Com.NYT.TestCases.toVerifyLogin@6fd02e5]" name="Appinvoke" is-config="true" duration-ms="7774" started-at="2019-01-02T17:26:39Z" finished-at="2019-01-02T17:26:47Z">
          <reporter-output>
          </reporter-output>
        </test-method> <!-- Appinvoke -->
        <test-method status="PASS" signature="toVerifyLoginfunc()[pri:0, instance:Com.NYT.TestCases.toVerifyLogin@6fd02e5]" name="toVerifyLoginfunc" duration-ms="22589" started-at="2019-01-02T17:26:47Z" finished-at="2019-01-02T17:27:09Z">
          <reporter-output>
          </reporter-output>
        </test-method> <!-- toVerifyLoginfunc -->
        <test-method status="PASS" signature="QuitApp()[pri:0, instance:Com.NYT.TestCases.toVerifyLogin@6fd02e5]" name="QuitApp" is-config="true" duration-ms="982" started-at="2019-01-02T17:27:09Z" finished-at="2019-01-02T17:27:10Z">
          <reporter-output>
          </reporter-output>
        </test-method> <!-- QuitApp -->
      </class> <!-- Com.NYT.TestCases.toVerifyLogin -->
    </test> <!-- Test -->
  </suite> <!-- Suite -->
</testng-results>
