<?xml version="1.0" encoding="UTF-8"?>
<!-- Generated by org.testng.reporters.JUnitXMLReporter -->
<testsuite hostname="Vivek-Tiwari1" ignored="0" name="Test" tests="3" failures="0" timestamp="02 Jan 2019 17:27:41 GMT" time="75.28" errors="0">
  <testcase name="toInvokeSectionlistItem" time="3.552" classname="Com.NYT.TestCases.toCheckSectionList"/>
  <testcase name="toVerifyLoginfunc" time="22.589" classname="Com.NYT.TestCases.toVerifyLogin"/>
  <testcase name="ScrollTest" time="22.082" classname="Com.NYT.TestCases.ToVerifyVerticalScroll"/>
</testsuite> <!-- Test -->
